<?xml version="1.0" encoding="UTF-8"?>
<!-- Generated by org.testng.reporters.JUnitReportReporter -->
<testsuite hostname="MS" failures="0" tests="1" name="JavaStreamsDemo.StreamsSeleniumPagination" time="99.253" errors="0" timestamp="2024-01-06T13:27:43 IST" skipped="0">
  <testcase classname="JavaStreamsDemo.StreamsSeleniumPagination" name="sorting" time="99.253"/>
</testsuite> <!-- JavaStreamsDemo.StreamsSeleniumPagination -->
