<?xml version="1.0" encoding="UTF-8"?>
<!-- Generated by org.testng.reporters.JUnitReportReporter -->
<testsuite hostname="MS" failures="0" tests="1" name="JavaStreamsDemo.StreamsSelenium2Mapper" time="8.478" errors="0" timestamp="2024-01-06T12:31:57 IST" skipped="0">
  <testcase classname="JavaStreamsDemo.StreamsSelenium2Mapper" name="sorting" time="8.478"/>
</testsuite> <!-- JavaStreamsDemo.StreamsSelenium2Mapper -->
