<?xml version="1.0" encoding="UTF-8"?>
<!-- Generated by org.testng.reporters.JUnitReportReporter -->
<testsuite hostname="MS" failures="0" tests="1" name="JavaStreamsDemo.Intro" time="0.017" errors="0" timestamp="2024-01-06T09:04:44 IST" skipped="0">
  <testcase classname="JavaStreamsDemo.Intro" name="NumberSort" time="0.017"/>
</testsuite> <!-- JavaStreamsDemo.Intro -->
