<?xml version="1.0" encoding="UTF-8"?>
<!-- Generated by org.testng.reporters.JUnitReportReporter -->
<testsuite hostname="MS" failures="0" tests="1" name="JavaStreamsDemo.StreamsSelenium" time="9.272" errors="0" timestamp="2024-01-06T12:04:13 IST" skipped="0">
  <testcase classname="JavaStreamsDemo.StreamsSelenium" name="sorting" time="9.272"/>
</testsuite> <!-- JavaStreamsDemo.StreamsSelenium -->
